2024-07-05 09:11:41,254 - rapp.polarimeter - INFO - Connecting to ESP Motion Controller...
2024-07-05 09:11:41,514 - rapp.polarimeter - INFO - Connecting Rotary Stage: Analyzer...
2024-07-05 09:11:41,524 - rapp.polarimeter - INFO - Connecting Rotary Stage: HalfWavePlate...
2024-07-05 09:11:41,534 - rapp.polarimeter - INFO - Connecting to ADC...
2024-07-05 09:11:43,570 - rapp.polarimeter - WARNING - Thorlabs PM100 disabled.
2024-07-05 09:11:43,570 - rapp.polarimeter - INFO - Building DataFile...
2024-07-05 09:11:43,570 - rapp.polarimeter - INFO - Building Polarimeter...
2024-07-05 09:11:43,570 - rapp.polarimeter - INFO - Starting measurement...
2024-07-05 09:11:43,570 - rapp.polarimeter - INFO - Samples to measure in each analyzer position: 169.
2024-07-05 09:11:43,570 - rapp.polarimeter - INFO - Maximum chunk size: 500.
2024-07-05 09:11:57,370 - rapp.polarimeter - INFO - HWP angle: 0°, repetition 1/10
2024-07-05 09:20:06,576 - rapp.polarimeter - INFO - HWP angle: 0°, repetition 2/10
2024-07-05 09:28:11,015 - rapp.polarimeter - INFO - HWP angle: 0°, repetition 3/10
2024-07-05 09:36:15,927 - rapp.polarimeter - INFO - HWP angle: 0°, repetition 4/10
2024-07-05 09:44:22,125 - rapp.polarimeter - INFO - HWP angle: 0°, repetition 5/10
2024-07-05 09:52:29,183 - rapp.polarimeter - INFO - HWP angle: 0°, repetition 6/10
2024-07-05 10:00:34,799 - rapp.polarimeter - INFO - HWP angle: 0°, repetition 7/10
2024-07-05 10:08:41,955 - rapp.polarimeter - INFO - HWP angle: 0°, repetition 8/10
2024-07-05 10:16:49,450 - rapp.polarimeter - INFO - HWP angle: 0°, repetition 9/10
2024-07-05 10:24:56,656 - rapp.polarimeter - INFO - HWP angle: 0°, repetition 10/10
2024-07-05 10:33:06,282 - rapp.polarimeter - INFO - Done!
2024-07-05 10:33:06,282 - rapp.polarimeter - INFO - Results in file: workdir\output-data\2024-07-05-tanda-2-position-no-quartz-vel-3-acc-4-deacc-4--1-cycles1-step1-samples169\hwp0-rep10.csv
2024-07-05 10:33:06,282 - rapp.polarimeter - INFO - Total of 0 failures with the Motion Controller.
2024-07-05 10:33:06,302 - rapp.polarimeter - INFO - Writing measurement metadata...
