2024-07-04 16:19:29,583 - rapp.polarimeter - INFO - Connecting to ESP Motion Controller...
2024-07-04 16:19:29,823 - rapp.polarimeter - INFO - Connecting Rotary Stage: Analyzer...
2024-07-04 16:19:29,833 - rapp.polarimeter - INFO - Connecting Rotary Stage: HalfWavePlate...
2024-07-04 16:19:29,853 - rapp.polarimeter - INFO - Connecting to ADC...
2024-07-04 16:19:31,881 - rapp.polarimeter - WARNING - Thorlabs PM100 disabled.
2024-07-04 16:19:31,881 - rapp.polarimeter - INFO - Building DataFile...
2024-07-04 16:19:31,881 - rapp.polarimeter - INFO - Building Polarimeter...
2024-07-04 16:19:31,881 - rapp.polarimeter - INFO - Starting measurement...
2024-07-04 16:19:31,883 - rapp.polarimeter - INFO - Samples to measure in each analyzer position: 169.
2024-07-04 16:19:31,883 - rapp.polarimeter - INFO - Maximum chunk size: 500.
2024-07-04 16:19:45,686 - rapp.polarimeter - INFO - HWP angle: 0°, repetition 1/10
2024-07-04 16:28:00,415 - rapp.polarimeter - INFO - HWP angle: 0°, repetition 2/10
2024-07-04 16:36:07,727 - rapp.polarimeter - INFO - HWP angle: 0°, repetition 3/10
2024-07-04 16:44:20,168 - rapp.polarimeter - INFO - HWP angle: 0°, repetition 4/10
2024-07-04 16:52:29,861 - rapp.polarimeter - INFO - HWP angle: 0°, repetition 5/10
2024-07-04 17:00:42,884 - rapp.polarimeter - INFO - HWP angle: 0°, repetition 6/10
2024-07-04 17:08:54,459 - rapp.polarimeter - INFO - HWP angle: 0°, repetition 7/10
2024-07-04 17:17:07,466 - rapp.polarimeter - INFO - HWP angle: 0°, repetition 8/10
2024-07-04 17:25:13,883 - rapp.polarimeter - INFO - HWP angle: 0°, repetition 9/10
2024-07-04 17:33:19,985 - rapp.polarimeter - INFO - HWP angle: 0°, repetition 10/10
2024-07-04 17:41:31,657 - rapp.polarimeter - INFO - Done!
2024-07-04 17:41:31,657 - rapp.polarimeter - INFO - Results in file: workdir\output-data\2024-07-04-tanda-2-position-quartz-vel-3-acc-4-deacc-4--1-cycles1-step1-samples169\hwp0-rep10.csv
2024-07-04 17:41:31,657 - rapp.polarimeter - INFO - Total of 0 failures with the Motion Controller.
2024-07-04 17:41:31,677 - rapp.polarimeter - INFO - Writing measurement metadata...
