2024-07-02 14:09:06,145 - rapp.polarimeter - INFO - Writing measurement metadata...
2024-07-02 14:09:06,145 - rapp.polarimeter - INFO - Connecting to ESP Motion Controller...
2024-07-02 14:09:06,400 - rapp.polarimeter - INFO - Connecting Rotary Stage: Analyzer...
2024-07-02 14:09:06,410 - rapp.polarimeter - INFO - Connecting Rotary Stage: HalfWavePlate...
2024-07-02 14:09:06,420 - rapp.polarimeter - INFO - Connecting to ADC...
2024-07-02 14:09:08,455 - rapp.polarimeter - WARNING - Thorlabs PM100 disabled.
2024-07-02 14:09:08,455 - rapp.polarimeter - INFO - Building DataFile...
2024-07-02 14:09:08,455 - rapp.polarimeter - INFO - Building Polarimeter...
2024-07-02 14:09:08,455 - rapp.polarimeter - INFO - Starting measurement...
2024-07-02 14:09:08,455 - rapp.polarimeter - INFO - Samples to measure in each analyzer position: 169.
2024-07-02 14:09:08,455 - rapp.polarimeter - INFO - Maximum chunk size: 500.
2024-07-02 14:09:22,240 - rapp.polarimeter - INFO - HWP angle: 0°, repetition 1/30
2024-07-02 14:40:23,567 - rapp.polarimeter - WARNING - Motion Controller error: Found empty buffer trying to read serial data.
2024-07-02 14:40:23,567 - rapp.polarimeter - WARNING - Waiting 15 seconds...
2024-07-02 14:40:38,570 - rapp.polarimeter - WARNING - Reconnecting the Motion Controller...
2024-07-02 14:40:38,697 - rapp.polarimeter - WARNING - Turning motors ON again...
2024-07-02 14:40:38,727 - rapp.polarimeter - WARNING - Setting HWP position to 0
2024-07-02 14:40:38,727 - rapp.polarimeter - WARNING - Removing unfinished file...
2024-07-02 14:40:38,727 - rapp.polarimeter - INFO - HWP angle: 0°, repetition 1/30
2024-07-02 15:56:34,187 - rapp.polarimeter - INFO - HWP angle: 0°, repetition 2/30
2024-07-02 16:07:26,690 - rapp.polarimeter - WARNING - Motion Controller error: Found empty buffer trying to read serial data.
2024-07-02 16:07:26,700 - rapp.polarimeter - WARNING - Waiting 15 seconds...
2024-07-02 16:07:41,703 - rapp.polarimeter - WARNING - Reconnecting the Motion Controller...
2024-07-02 16:07:41,831 - rapp.polarimeter - WARNING - Turning motors ON again...
2024-07-02 16:07:41,861 - rapp.polarimeter - WARNING - Setting HWP position to 0
2024-07-02 16:07:41,861 - rapp.polarimeter - WARNING - Removing unfinished file...
2024-07-02 16:07:41,861 - rapp.polarimeter - INFO - HWP angle: 0°, repetition 2/30
2024-07-02 17:23:52,435 - rapp.polarimeter - INFO - HWP angle: 0°, repetition 3/30
2024-07-02 18:39:47,158 - rapp.polarimeter - INFO - HWP angle: 0°, repetition 4/30
2024-07-02 19:56:24,497 - rapp.polarimeter - INFO - HWP angle: 0°, repetition 5/30
2024-07-02 21:13:26,555 - rapp.polarimeter - INFO - HWP angle: 0°, repetition 6/30
2024-07-02 22:30:32,494 - rapp.polarimeter - INFO - HWP angle: 0°, repetition 7/30
2024-07-02 23:47:29,891 - rapp.polarimeter - INFO - HWP angle: 0°, repetition 8/30
2024-07-03 01:04:39,126 - rapp.polarimeter - INFO - HWP angle: 0°, repetition 9/30
2024-07-03 02:22:02,126 - rapp.polarimeter - INFO - HWP angle: 0°, repetition 10/30
2024-07-03 03:39:07,349 - rapp.polarimeter - INFO - HWP angle: 0°, repetition 11/30
2024-07-03 03:45:52,021 - rapp.polarimeter - WARNING - Motion Controller error: Found empty buffer trying to read serial data.
2024-07-03 03:45:52,021 - rapp.polarimeter - WARNING - Waiting 15 seconds...
2024-07-03 03:46:07,023 - rapp.polarimeter - WARNING - Reconnecting the Motion Controller...
2024-07-03 03:46:07,141 - rapp.polarimeter - WARNING - Turning motors ON again...
2024-07-03 03:46:07,171 - rapp.polarimeter - WARNING - Setting HWP position to 0
2024-07-03 03:46:07,171 - rapp.polarimeter - WARNING - Removing unfinished file...
2024-07-03 03:46:07,171 - rapp.polarimeter - INFO - HWP angle: 0°, repetition 11/30
2024-07-03 05:02:47,268 - rapp.polarimeter - INFO - HWP angle: 0°, repetition 12/30
2024-07-03 05:03:30,897 - rapp.polarimeter - WARNING - Motion Controller error: Found empty buffer trying to read serial data.
2024-07-03 05:03:30,897 - rapp.polarimeter - WARNING - Waiting 15 seconds...
2024-07-03 05:03:45,903 - rapp.polarimeter - WARNING - Reconnecting the Motion Controller...
2024-07-03 05:03:46,017 - rapp.polarimeter - WARNING - Turning motors ON again...
2024-07-03 05:03:46,047 - rapp.polarimeter - WARNING - Setting HWP position to 0
2024-07-03 05:03:46,047 - rapp.polarimeter - WARNING - Removing unfinished file...
2024-07-03 05:03:46,047 - rapp.polarimeter - INFO - HWP angle: 0°, repetition 12/30
2024-07-03 06:04:05,635 - rapp.polarimeter - WARNING - Motion Controller error: Found empty buffer trying to read serial data.
2024-07-03 06:04:05,635 - rapp.polarimeter - WARNING - Waiting 15 seconds...
2024-07-03 06:04:20,636 - rapp.polarimeter - WARNING - Reconnecting the Motion Controller...
2024-07-03 06:04:20,744 - rapp.polarimeter - WARNING - Turning motors ON again...
2024-07-03 06:04:20,774 - rapp.polarimeter - WARNING - Setting HWP position to 0
2024-07-03 06:04:20,774 - rapp.polarimeter - WARNING - Removing unfinished file...
2024-07-03 06:04:20,774 - rapp.polarimeter - INFO - HWP angle: 0°, repetition 12/30
2024-07-03 07:21:36,300 - rapp.polarimeter - INFO - HWP angle: 0°, repetition 13/30
2024-07-03 08:38:07,305 - rapp.polarimeter - INFO - HWP angle: 0°, repetition 14/30
2024-07-03 09:54:19,905 - rapp.polarimeter - INFO - HWP angle: 0°, repetition 15/30
2024-07-03 11:10:18,727 - rapp.polarimeter - INFO - HWP angle: 0°, repetition 16/30
2024-07-03 12:26:55,871 - rapp.polarimeter - INFO - HWP angle: 0°, repetition 17/30
2024-07-03 12:36:49,123 - rapp.polarimeter - WARNING - Motion Controller error: Found empty buffer trying to read serial data.
2024-07-03 12:36:49,123 - rapp.polarimeter - WARNING - Waiting 15 seconds...
2024-07-03 12:37:04,131 - rapp.polarimeter - WARNING - Reconnecting the Motion Controller...
2024-07-03 12:37:04,242 - rapp.polarimeter - WARNING - Turning motors ON again...
2024-07-03 12:37:04,272 - rapp.polarimeter - WARNING - Setting HWP position to 0
2024-07-03 12:37:04,272 - rapp.polarimeter - WARNING - Removing unfinished file...
2024-07-03 12:37:04,272 - rapp.polarimeter - INFO - HWP angle: 0°, repetition 17/30
2024-07-03 13:54:11,494 - rapp.polarimeter - INFO - HWP angle: 0°, repetition 18/30
2024-07-03 15:11:15,094 - rapp.polarimeter - INFO - HWP angle: 0°, repetition 19/30
2024-07-03 16:28:08,950 - rapp.polarimeter - INFO - HWP angle: 0°, repetition 20/30
2024-07-03 17:45:11,730 - rapp.polarimeter - INFO - HWP angle: 0°, repetition 21/30
2024-07-03 19:01:31,614 - rapp.polarimeter - INFO - HWP angle: 0°, repetition 22/30
2024-07-03 19:37:52,633 - rapp.polarimeter - WARNING - Motion Controller error: Found empty buffer trying to read serial data.
2024-07-03 19:37:52,633 - rapp.polarimeter - WARNING - Waiting 15 seconds...
2024-07-03 19:38:07,639 - rapp.polarimeter - WARNING - Reconnecting the Motion Controller...
2024-07-03 19:38:07,763 - rapp.polarimeter - WARNING - Turning motors ON again...
2024-07-03 19:38:07,793 - rapp.polarimeter - WARNING - Setting HWP position to 0
2024-07-03 19:38:07,793 - rapp.polarimeter - WARNING - Removing unfinished file...
2024-07-03 19:38:07,793 - rapp.polarimeter - INFO - HWP angle: 0°, repetition 22/30
2024-07-03 20:55:18,151 - rapp.polarimeter - INFO - HWP angle: 0°, repetition 23/30
2024-07-03 22:11:37,740 - rapp.polarimeter - INFO - HWP angle: 0°, repetition 24/30
2024-07-03 23:27:58,588 - rapp.polarimeter - INFO - HWP angle: 0°, repetition 25/30
2024-07-04 00:44:01,685 - rapp.polarimeter - INFO - HWP angle: 0°, repetition 26/30
2024-07-04 02:00:05,559 - rapp.polarimeter - INFO - HWP angle: 0°, repetition 27/30
2024-07-04 03:16:24,231 - rapp.polarimeter - INFO - HWP angle: 0°, repetition 28/30
2024-07-04 04:32:47,645 - rapp.polarimeter - INFO - HWP angle: 0°, repetition 29/30
2024-07-04 05:49:04,635 - rapp.polarimeter - INFO - HWP angle: 0°, repetition 30/30
2024-07-04 06:14:19,101 - rapp.polarimeter - WARNING - Motion Controller error: Found empty buffer trying to read serial data.
2024-07-04 06:14:19,101 - rapp.polarimeter - WARNING - Waiting 15 seconds...
2024-07-04 06:14:34,113 - rapp.polarimeter - WARNING - Reconnecting the Motion Controller...
2024-07-04 06:14:34,231 - rapp.polarimeter - WARNING - Turning motors ON again...
2024-07-04 06:14:34,261 - rapp.polarimeter - WARNING - Setting HWP position to 0
2024-07-04 06:14:34,261 - rapp.polarimeter - WARNING - Removing unfinished file...
2024-07-04 06:14:34,261 - rapp.polarimeter - INFO - HWP angle: 0°, repetition 30/30
2024-07-04 07:31:18,342 - rapp.polarimeter - INFO - Done!
2024-07-04 07:31:18,342 - rapp.polarimeter - INFO - Results in file: workdir\output-data\2024-07-02-quartz-vel-1-acc-0.5-deacc-0.5-1-cycles3-step0.2-samples169\hwp0-rep30.csv
2024-07-04 07:31:18,342 - rapp.polarimeter - INFO - Total of 8 failures with the Motion Controller.
