2024-07-04 14:41:43,775 - rapp.polarimeter - INFO - Connecting to ESP Motion Controller...
2024-07-04 14:41:44,035 - rapp.polarimeter - INFO - Connecting Rotary Stage: Analyzer...
2024-07-04 14:41:44,045 - rapp.polarimeter - INFO - Connecting Rotary Stage: HalfWavePlate...
2024-07-04 14:41:44,065 - rapp.polarimeter - INFO - Connecting to ADC...
2024-07-04 14:41:46,093 - rapp.polarimeter - WARNING - Thorlabs PM100 disabled.
2024-07-04 14:41:46,093 - rapp.polarimeter - INFO - Building DataFile...
2024-07-04 14:41:46,093 - rapp.polarimeter - INFO - Building Polarimeter...
2024-07-04 14:41:46,093 - rapp.polarimeter - INFO - Starting measurement...
2024-07-04 14:41:46,095 - rapp.polarimeter - INFO - Samples to measure in each analyzer position: 169.
2024-07-04 14:41:46,095 - rapp.polarimeter - INFO - Maximum chunk size: 500.
2024-07-04 14:41:59,898 - rapp.polarimeter - INFO - HWP angle: 0°, repetition 1/10
2024-07-04 14:50:17,711 - rapp.polarimeter - INFO - HWP angle: 0°, repetition 2/10
2024-07-04 14:58:28,422 - rapp.polarimeter - INFO - HWP angle: 0°, repetition 3/10
2024-07-04 15:06:43,139 - rapp.polarimeter - INFO - HWP angle: 0°, repetition 4/10
2024-07-04 15:14:49,384 - rapp.polarimeter - INFO - HWP angle: 0°, repetition 5/10
2024-07-04 15:23:00,410 - rapp.polarimeter - INFO - HWP angle: 0°, repetition 6/10
2024-07-04 15:31:04,430 - rapp.polarimeter - INFO - HWP angle: 0°, repetition 7/10
2024-07-04 15:39:10,079 - rapp.polarimeter - INFO - HWP angle: 0°, repetition 8/10
2024-07-04 15:47:21,535 - rapp.polarimeter - INFO - HWP angle: 0°, repetition 9/10
2024-07-04 15:55:32,661 - rapp.polarimeter - INFO - HWP angle: 0°, repetition 10/10
2024-07-04 16:03:42,168 - rapp.polarimeter - INFO - Done!
2024-07-04 16:03:42,168 - rapp.polarimeter - INFO - Results in file: workdir\output-data\2024-07-04-tanda-1-position-no-quartz-vel-3-acc-4-deacc-4--1-cycles1-step1-samples169\hwp0-rep10.csv
2024-07-04 16:03:42,168 - rapp.polarimeter - INFO - Total of 0 failures with the Motion Controller.
2024-07-04 16:03:42,198 - rapp.polarimeter - INFO - Writing measurement metadata...
