Initializing RAPP
Parsing RAPP arguments...
Running RAPP command: polarimeter
Connecting to ESP Motion Controller...
Setting motor ON for axis: 1
Setting motor ON for axis: 2
Searching HOME for axis: 1
Searching HOME for axis: 2
Using ADC mock object.
RotaryStage - Turning motor ON.
RotaryStage - Setting velocity to 4 deg/s.
RotaryStage - Positions: [  0.   1.   2.   3.   4. ... 356. 357. 358. 359. 360.].
RotaryStage - Turning motor ON.
RotaryStage - Setting velocity to 4 deg/s.
RotaryStage - Positions: [0. 9.].
Samples to measure in each analyzer position: 169.
Maximum chunk size: 500.
HWP angle: 0.0°, repetition 1/100
HWP angle: 0.0°, repetition 2/100
HWP angle: 0.0°, repetition 3/100
HWP angle: 0.0°, repetition 4/100
HWP angle: 0.0°, repetition 5/100
HWP angle: 0.0°, repetition 6/100
HWP angle: 0.0°, repetition 7/100
HWP angle: 0.0°, repetition 8/100
HWP angle: 0.0°, repetition 9/100
HWP angle: 0.0°, repetition 10/100
HWP angle: 0.0°, repetition 11/100
HWP angle: 0.0°, repetition 12/100
HWP angle: 0.0°, repetition 13/100
HWP angle: 0.0°, repetition 14/100
HWP angle: 0.0°, repetition 15/100
HWP angle: 0.0°, repetition 16/100
HWP angle: 0.0°, repetition 17/100
HWP angle: 0.0°, repetition 18/100
HWP angle: 0.0°, repetition 19/100
HWP angle: 0.0°, repetition 20/100
HWP angle: 0.0°, repetition 21/100
HWP angle: 0.0°, repetition 22/100
HWP angle: 0.0°, repetition 23/100
HWP angle: 0.0°, repetition 24/100
HWP angle: 0.0°, repetition 25/100
HWP angle: 0.0°, repetition 26/100
HWP angle: 0.0°, repetition 27/100
HWP angle: 0.0°, repetition 28/100
HWP angle: 0.0°, repetition 29/100
HWP angle: 0.0°, repetition 30/100
HWP angle: 0.0°, repetition 31/100
HWP angle: 0.0°, repetition 32/100
HWP angle: 0.0°, repetition 33/100
HWP angle: 0.0°, repetition 34/100
HWP angle: 0.0°, repetition 35/100
HWP angle: 0.0°, repetition 36/100
HWP angle: 0.0°, repetition 37/100
HWP angle: 0.0°, repetition 38/100
HWP angle: 0.0°, repetition 39/100
HWP angle: 0.0°, repetition 40/100
HWP angle: 0.0°, repetition 41/100
HWP angle: 0.0°, repetition 42/100
HWP angle: 0.0°, repetition 43/100
HWP angle: 0.0°, repetition 44/100
HWP angle: 0.0°, repetition 45/100
HWP angle: 0.0°, repetition 46/100
HWP angle: 0.0°, repetition 47/100
HWP angle: 0.0°, repetition 48/100
HWP angle: 0.0°, repetition 49/100
HWP angle: 0.0°, repetition 50/100
HWP angle: 0.0°, repetition 51/100
HWP angle: 0.0°, repetition 52/100
HWP angle: 0.0°, repetition 53/100
HWP angle: 0.0°, repetition 54/100
HWP angle: 0.0°, repetition 55/100
HWP angle: 0.0°, repetition 56/100
HWP angle: 0.0°, repetition 57/100
HWP angle: 0.0°, repetition 58/100
HWP angle: 0.0°, repetition 59/100
HWP angle: 0.0°, repetition 60/100
HWP angle: 0.0°, repetition 61/100
HWP angle: 0.0°, repetition 62/100
HWP angle: 0.0°, repetition 63/100
HWP angle: 0.0°, repetition 64/100
HWP angle: 0.0°, repetition 65/100
HWP angle: 0.0°, repetition 66/100
HWP angle: 0.0°, repetition 67/100
HWP angle: 0.0°, repetition 68/100
HWP angle: 0.0°, repetition 69/100
HWP angle: 0.0°, repetition 70/100
HWP angle: 0.0°, repetition 71/100
HWP angle: 0.0°, repetition 72/100
HWP angle: 0.0°, repetition 73/100
HWP angle: 0.0°, repetition 74/100
HWP angle: 0.0°, repetition 75/100
HWP angle: 0.0°, repetition 76/100
HWP angle: 0.0°, repetition 77/100
HWP angle: 0.0°, repetition 78/100
HWP angle: 0.0°, repetition 79/100
HWP angle: 0.0°, repetition 80/100
HWP angle: 0.0°, repetition 81/100
HWP angle: 0.0°, repetition 82/100
HWP angle: 0.0°, repetition 83/100
HWP angle: 0.0°, repetition 84/100
HWP angle: 0.0°, repetition 85/100
HWP angle: 0.0°, repetition 86/100
HWP angle: 0.0°, repetition 87/100
HWP angle: 0.0°, repetition 88/100
HWP angle: 0.0°, repetition 89/100
HWP angle: 0.0°, repetition 90/100
HWP angle: 0.0°, repetition 91/100
Motion Controller error: Found empty buffer trying to read serial data.
Reconnecting the Motion Controller...
Turning motors ON again...
RotaryStage - Turning motor ON.
RotaryStage - Setting velocity to 4 deg/s.
RotaryStage - Turning motor ON.
RotaryStage - Setting velocity to 4 deg/s.
Setting HWP position to 0.0
Removing unfinished file...
HWP angle: 0.0°, repetition 91/100
HWP angle: 0.0°, repetition 92/100
HWP angle: 0.0°, repetition 93/100
HWP angle: 0.0°, repetition 94/100
HWP angle: 0.0°, repetition 95/100
HWP angle: 0.0°, repetition 96/100
HWP angle: 0.0°, repetition 97/100
HWP angle: 0.0°, repetition 98/100
HWP angle: 0.0°, repetition 99/100
HWP angle: 0.0°, repetition 100/100
HWP angle: 9.0°, repetition 1/100
HWP angle: 9.0°, repetition 2/100
HWP angle: 9.0°, repetition 3/100
HWP angle: 9.0°, repetition 4/100
HWP angle: 9.0°, repetition 5/100
HWP angle: 9.0°, repetition 6/100
HWP angle: 9.0°, repetition 7/100
HWP angle: 9.0°, repetition 8/100
HWP angle: 9.0°, repetition 9/100
HWP angle: 9.0°, repetition 10/100
HWP angle: 9.0°, repetition 11/100
HWP angle: 9.0°, repetition 12/100
HWP angle: 9.0°, repetition 13/100
HWP angle: 9.0°, repetition 14/100
HWP angle: 9.0°, repetition 15/100
HWP angle: 9.0°, repetition 16/100
HWP angle: 9.0°, repetition 17/100
HWP angle: 9.0°, repetition 18/100
HWP angle: 9.0°, repetition 19/100
HWP angle: 9.0°, repetition 20/100
HWP angle: 9.0°, repetition 21/100
HWP angle: 9.0°, repetition 22/100
HWP angle: 9.0°, repetition 23/100
HWP angle: 9.0°, repetition 24/100
HWP angle: 9.0°, repetition 25/100
HWP angle: 9.0°, repetition 26/100
HWP angle: 9.0°, repetition 27/100
HWP angle: 9.0°, repetition 28/100
HWP angle: 9.0°, repetition 29/100
HWP angle: 9.0°, repetition 30/100
HWP angle: 9.0°, repetition 31/100
HWP angle: 9.0°, repetition 32/100
HWP angle: 9.0°, repetition 33/100
HWP angle: 9.0°, repetition 34/100
HWP angle: 9.0°, repetition 35/100
HWP angle: 9.0°, repetition 36/100
HWP angle: 9.0°, repetition 37/100
HWP angle: 9.0°, repetition 38/100
HWP angle: 9.0°, repetition 39/100
HWP angle: 9.0°, repetition 40/100
HWP angle: 9.0°, repetition 41/100
HWP angle: 9.0°, repetition 42/100
HWP angle: 9.0°, repetition 43/100
HWP angle: 9.0°, repetition 44/100
HWP angle: 9.0°, repetition 45/100
HWP angle: 9.0°, repetition 46/100
HWP angle: 9.0°, repetition 47/100
HWP angle: 9.0°, repetition 48/100
HWP angle: 9.0°, repetition 49/100
HWP angle: 9.0°, repetition 50/100
HWP angle: 9.0°, repetition 51/100
HWP angle: 9.0°, repetition 52/100
HWP angle: 9.0°, repetition 53/100
HWP angle: 9.0°, repetition 54/100
HWP angle: 9.0°, repetition 55/100
HWP angle: 9.0°, repetition 56/100
HWP angle: 9.0°, repetition 57/100
HWP angle: 9.0°, repetition 58/100
HWP angle: 9.0°, repetition 59/100
HWP angle: 9.0°, repetition 60/100
HWP angle: 9.0°, repetition 61/100
HWP angle: 9.0°, repetition 62/100
HWP angle: 9.0°, repetition 63/100
HWP angle: 9.0°, repetition 64/100
HWP angle: 9.0°, repetition 65/100
HWP angle: 9.0°, repetition 66/100
HWP angle: 9.0°, repetition 67/100
HWP angle: 9.0°, repetition 68/100
HWP angle: 9.0°, repetition 69/100
HWP angle: 9.0°, repetition 70/100
HWP angle: 9.0°, repetition 71/100
HWP angle: 9.0°, repetition 72/100
HWP angle: 9.0°, repetition 73/100
HWP angle: 9.0°, repetition 74/100
HWP angle: 9.0°, repetition 75/100
HWP angle: 9.0°, repetition 76/100
Motion Controller error: Found empty buffer trying to read serial data.
Reconnecting the Motion Controller...
Turning motors ON again...
RotaryStage - Turning motor ON.
RotaryStage - Setting velocity to 4 deg/s.
RotaryStage - Turning motor ON.
RotaryStage - Setting velocity to 4 deg/s.
Setting HWP position to 9.0
Removing unfinished file...
HWP angle: 9.0°, repetition 76/100
HWP angle: 9.0°, repetition 77/100
HWP angle: 9.0°, repetition 78/100
HWP angle: 9.0°, repetition 79/100
HWP angle: 9.0°, repetition 80/100
HWP angle: 9.0°, repetition 81/100
HWP angle: 9.0°, repetition 82/100
HWP angle: 9.0°, repetition 83/100
HWP angle: 9.0°, repetition 84/100
HWP angle: 9.0°, repetition 85/100
HWP angle: 9.0°, repetition 86/100
HWP angle: 9.0°, repetition 87/100
HWP angle: 9.0°, repetition 88/100
HWP angle: 9.0°, repetition 89/100
HWP angle: 9.0°, repetition 90/100
HWP angle: 9.0°, repetition 91/100
HWP angle: 9.0°, repetition 92/100
HWP angle: 9.0°, repetition 93/100
HWP angle: 9.0°, repetition 94/100
HWP angle: 9.0°, repetition 95/100
HWP angle: 9.0°, repetition 96/100
HWP angle: 9.0°, repetition 97/100
HWP angle: 9.0°, repetition 98/100
HWP angle: 9.0°, repetition 99/100
HWP angle: 9.0°, repetition 100/100
Done!
Results in file: workdir\output-data\mockrun-hwp9.0-cycles1-step1.0-samples169-rep100.txt
