2024-06-12 23:40:27,853 - rapp.polarimeter - INFO - Writing metadata...
2024-06-12 23:40:27,853 - rapp.polarimeter - INFO - Connecting to ESP Motion Controller...
2024-06-12 23:40:27,983 - rapp.polarimeter - INFO - Connecting to ADC...
2024-06-12 23:40:30,009 - rapp.polarimeter - INFO - Connecting to Thorlabs PM100.
2024-06-12 23:40:30,364 - rapp.polarimeter - INFO - Connecting Analyzer...
2024-06-12 23:40:30,374 - rapp.polarimeter - INFO - Connecting HalfWavePlate...
2024-06-12 23:40:30,384 - rapp.polarimeter - INFO - Building DataFile...
2024-06-12 23:40:30,384 - rapp.polarimeter - INFO - Building Polarimeter...
2024-06-12 23:40:30,384 - rapp.polarimeter - INFO - Starting measurement...
2024-06-12 23:40:30,384 - rapp.polarimeter - INFO - Samples to measure in each analyzer position: 1218.
2024-06-12 23:40:30,384 - rapp.polarimeter - INFO - Maximum chunk size: 500.
2024-06-12 23:40:41,693 - rapp.polarimeter - INFO - HWP angle: 0°, repetition 1/20
2024-06-13 00:03:34,463 - rapp.polarimeter - INFO - HWP angle: 0°, repetition 2/20
2024-06-13 00:26:19,525 - rapp.polarimeter - INFO - HWP angle: 0°, repetition 3/20
2024-06-13 00:49:10,020 - rapp.polarimeter - INFO - HWP angle: 0°, repetition 4/20
2024-06-13 01:12:00,067 - rapp.polarimeter - INFO - HWP angle: 0°, repetition 5/20
2024-06-13 01:34:51,440 - rapp.polarimeter - INFO - HWP angle: 0°, repetition 6/20
2024-06-13 01:57:37,061 - rapp.polarimeter - INFO - HWP angle: 0°, repetition 7/20
2024-06-13 02:20:29,111 - rapp.polarimeter - INFO - HWP angle: 0°, repetition 8/20
2024-06-13 02:43:20,050 - rapp.polarimeter - INFO - HWP angle: 0°, repetition 9/20
2024-06-13 03:06:20,483 - rapp.polarimeter - INFO - HWP angle: 0°, repetition 10/20
2024-06-13 03:29:08,576 - rapp.polarimeter - INFO - HWP angle: 0°, repetition 11/20
2024-06-13 03:52:07,850 - rapp.polarimeter - INFO - HWP angle: 0°, repetition 12/20
2024-06-13 04:15:00,494 - rapp.polarimeter - INFO - HWP angle: 0°, repetition 13/20
2024-06-13 04:37:54,956 - rapp.polarimeter - INFO - HWP angle: 0°, repetition 14/20
2024-06-13 05:00:42,479 - rapp.polarimeter - INFO - HWP angle: 0°, repetition 15/20
2024-06-13 05:23:45,922 - rapp.polarimeter - INFO - HWP angle: 0°, repetition 16/20
2024-06-13 05:46:37,683 - rapp.polarimeter - INFO - HWP angle: 0°, repetition 17/20
2024-06-13 06:09:39,215 - rapp.polarimeter - INFO - HWP angle: 0°, repetition 18/20
2024-06-13 06:32:37,049 - rapp.polarimeter - INFO - HWP angle: 0°, repetition 19/20
2024-06-13 06:55:29,923 - rapp.polarimeter - INFO - HWP angle: 0°, repetition 20/20
2024-06-13 07:18:25,937 - rapp.polarimeter - INFO - Done!
2024-06-13 07:18:25,937 - rapp.polarimeter - INFO - Results in file: workdir\output-data\2024-06-12-full-quartz-3-cycles1-step1-samples1218\hwp0-rep20.csv
2024-06-13 07:18:25,937 - rapp.polarimeter - INFO - Total of 0 failures with the Motion Controller.
